[2022-01-19 20:05:59][smtpuser:smtppass@smtp.blogtrottr.com:465][From: no-reply@blogtrottr.com][To: piyuesh23@gmail.com][Subject: New Article alert for you!]
---------------
Hello Piyuesh Gmail! A new article has been published in the domain you have subscribed for.
You can visit the link below to read the article below. To unsubscribe, browse to our website, login & click on unsubscribe button!.
---------------
[2022-01-19 20:05:59][smtpuser:smtppass@smtp.blogtrottr.com:465][From: no-reply@blogtrottr.com][To: piyuesh23@qed42.com][Subject: New Article alert for you!]
---------------
Hello Piyuesh QED42! A new article has been published in the domain you have subscribed for.
You can visit the link below to read the article below. To unsubscribe, browse to our website, login & click on unsubscribe button!.
---------------
[2022-01-19 20:06:06][smtpuser:smtppass@smtp.blogtrottr.com:465][From: no-reply@blogtrottr.com][To: piyuesh23@gmail.com][Subject: New Article alert for you!]
---------------
Hello Piyuesh Gmail! A new article has been published in the domain you have subscribed for.
You can visit the link below to read the article below. To unsubscribe, browse to our website, login & click on unsubscribe button!.
---------------
[2022-01-19 20:06:06][smtpuser:smtppass@smtp.blogtrottr.com:465][From: no-reply@blogtrottr.com][To: piyuesh23@qed42.com][Subject: New Article alert for you!]
---------------
Hello Piyuesh QED42! A new article has been published in the domain you have subscribed for.
You can visit the link below to read the article below. To unsubscribe, browse to our website, login & click on unsubscribe button!.
---------------
[2022-01-28 18:09:36][username:password@smtp.blogtrottr.com:port][From: no-reply@blogtrottr.com][To: piyuesh23@gmail.com][Subject: New article alert]
---------------
Hello Piyuesh Gmail! A new article has been published in the domain you have subscribed for. 
You can visit the link below to read the article below. To unsubscribe, browse to our website, login & click on unsubscribe button!.
---------------
[2022-01-28 18:09:36][username:password@smtp.blogtrottr.com:port][From: no-reply@blogtrottr.com][To: piyuesh23@qed42.com][Subject: New article alert]
---------------
Hello Piyuesh QED42! A new article has been published in the domain you have subscribed for. 
You can visit the link below to read the article below. To unsubscribe, browse to our website, login & click on unsubscribe button!.
---------------
[2022-01-28 18:10:03][username:password@smtp.blogtrottr.com:port][From: no-reply@blogtrottr.com][To: piyuesh23@gmail.com][Subject: New article alert]
---------------
Hello Piyuesh Gmail! A new article has been published in the domain you have subscribed for. 
You can visit the link below to read the article below. To unsubscribe, browse to our website, login & click on unsubscribe button!.
---------------
[2022-01-28 18:10:03][username:password@smtp.blogtrottr.com:port][From: no-reply@blogtrottr.com][To: piyuesh23@qed42.com][Subject: New article alert]
---------------
Hello Piyuesh QED42! A new article has been published in the domain you have subscribed for. 
You can visit the link below to read the article below. To unsubscribe, browse to our website, login & click on unsubscribe button!.
---------------
[2022-01-28 18:21:43][username:password@smtp.blogtrottr.com:port][From: no-reply@blogtrottr.com][To: piyuesh23@gmail.com][Subject: New article alert]
---------------
Hello Piyuesh Gmail! A new article has been published in the domain you have subscribed for. 
You can visit the link below to read the article below. To unsubscribe, browse to our website, login & click on unsubscribe button!.
---------------
[2022-01-28 18:21:43][username:password@smtp.blogtrottr.com:port][From: no-reply@blogtrottr.com][To: piyuesh23@qed42.com][Subject: New article alert]
---------------
Hello Piyuesh QED42! A new article has been published in the domain you have subscribed for. 
You can visit the link below to read the article below. To unsubscribe, browse to our website, login & click on unsubscribe button!.
---------------
